<?xml version="1.0" encoding="UTF-8"?>
<testsuite name="example.InvokeTest" tests="1" skipped="0" failures="0" errors="0" timestamp="2023-08-16T18:23:59" hostname="PK-PC" time="5.914">
  <properties/>
  <testcase name="invokeTest()" classname="example.InvokeTest" time="5.914"/>
  <system-out><![CDATA[2023-08-16 15:24:02 [Test worker] DEBUG software.amazon.awssdk.request:84 - Sending Request: DefaultSdkHttpFullRequest(httpMethod=GET, protocol=https, host=lambda-artifacts-96ece076beabc628.s3.amazonaws.com, port=443, encodedPath=/inbound/sample-s3-java.png, headers=[amz-sdk-invocation-id, User-Agent, x-amz-te], queryParameters=[])
2023-08-16 15:24:03 [Test worker] DEBUG software.amazon.awssdk.request:84 - Received successful response: 200
2023-08-16 15:24:04 [Test worker] INFO  example.Handler:113 - Writing to: lambda-artifacts-96ece076beabc628/resized-inbound/sample-s3-java.png
2023-08-16 15:24:04 [Test worker] DEBUG software.amazon.awssdk.request:84 - Sending Request: DefaultSdkHttpFullRequest(httpMethod=PUT, protocol=https, host=lambda-artifacts-96ece076beabc628.s3.amazonaws.com, port=443, encodedPath=/resized-inbound/sample-s3-java.png, headers=[amz-sdk-invocation-id, Content-Length, Content-Type, Expect, User-Agent, x-amz-meta-Content-Length, x-amz-meta-Content-Type], queryParameters=[])
2023-08-16 15:24:05 [Test worker] DEBUG software.amazon.awssdk.request:84 - Received successful response: 200
2023-08-16 15:24:05 [Test worker] INFO  example.Handler:80 - Successfully resized lambda-artifacts-96ece076beabc628/inbound/sample-s3-java.png and uploaded to lambda-artifacts-96ece076beabc628/resized-inbound/sample-s3-java.png
]]></system-out>
  <system-err><![CDATA[]]></system-err>
</testsuite>
