<?xml version="1.0" encoding="UTF-8"?>
<testsuite xmlns:xsi="http://www.w3.org/2001/XMLSchema-instance" xsi:noNamespaceSchemaLocation="https://maven.apache.org/surefire/maven-surefire-plugin/xsd/surefire-test-report.xsd" name="example.InvokeTest" time="8.406" tests="1" errors="0" skipped="0" failures="0">
  <properties>
    <property name="java.specification.version" value="20"/>
    <property name="sun.cpu.isalist" value="amd64"/>
    <property name="sun.jnu.encoding" value="Cp1252"/>
    <property name="java.class.path" value="C:\Users\Estudos\Desktop\Mentoria\AWS CLI + JAVA\s3-java\target\test-classes;C:\Users\Estudos\Desktop\Mentoria\AWS CLI + JAVA\s3-java\target\classes;C:\Users\Estudos\.m2\repository\software\amazon\awssdk\s3\2.16.1\s3-2.16.1.jar;C:\Users\Estudos\.m2\repository\software\amazon\awssdk\aws-xml-protocol\2.16.1\aws-xml-protocol-2.16.1.jar;C:\Users\Estudos\.m2\repository\software\amazon\awssdk\aws-query-protocol\2.16.1\aws-query-protocol-2.16.1.jar;C:\Users\Estudos\.m2\repository\software\amazon\awssdk\protocol-core\2.16.1\protocol-core-2.16.1.jar;C:\Users\Estudos\.m2\repository\software\amazon\awssdk\arns\2.16.1\arns-2.16.1.jar;C:\Users\Estudos\.m2\repository\software\amazon\awssdk\profiles\2.16.1\profiles-2.16.1.jar;C:\Users\Estudos\.m2\repository\software\amazon\awssdk\sdk-core\2.16.1\sdk-core-2.16.1.jar;C:\Users\Estudos\.m2\repository\com\fasterxml\jackson\core\jackson-core\2.12.1\jackson-core-2.12.1.jar;C:\Users\Estudos\.m2\repository\com\fasterxml\jackson\core\jackson-databind\2.12.1\jackson-databind-2.12.1.jar;C:\Users\Estudos\.m2\repository\org\reactivestreams\reactive-streams\1.0.2\reactive-streams-1.0.2.jar;C:\Users\Estudos\.m2\repository\software\amazon\awssdk\auth\2.16.1\auth-2.16.1.jar;C:\Users\Estudos\.m2\repository\software\amazon\eventstream\eventstream\1.0.1\eventstream-1.0.1.jar;C:\Users\Estudos\.m2\repository\software\amazon\awssdk\http-client-spi\2.16.1\http-client-spi-2.16.1.jar;C:\Users\Estudos\.m2\repository\software\amazon\awssdk\regions\2.16.1\regions-2.16.1.jar;C:\Users\Estudos\.m2\repository\com\fasterxml\jackson\core\jackson-annotations\2.12.1\jackson-annotations-2.12.1.jar;C:\Users\Estudos\.m2\repository\software\amazon\awssdk\annotations\2.16.1\annotations-2.16.1.jar;C:\Users\Estudos\.m2\repository\software\amazon\awssdk\utils\2.16.1\utils-2.16.1.jar;C:\Users\Estudos\.m2\repository\software\amazon\awssdk\aws-core\2.16.1\aws-core-2.16.1.jar;C:\Users\Estudos\.m2\repository\software\amazon\awssdk\metrics-spi\2.16.1\metrics-spi-2.16.1.jar;C:\Users\Estudos\.m2\repository\software\amazon\awssdk\apache-client\2.16.1\apache-client-2.16.1.jar;C:\Users\Estudos\.m2\repository\org\apache\httpcomponents\httpclient\4.5.13\httpclient-4.5.13.jar;C:\Users\Estudos\.m2\repository\org\apache\httpcomponents\httpcore\4.4.11\httpcore-4.4.11.jar;C:\Users\Estudos\.m2\repository\software\amazon\awssdk\netty-nio-client\2.16.1\netty-nio-client-2.16.1.jar;C:\Users\Estudos\.m2\repository\io\netty\netty-codec-http\4.1.59.Final\netty-codec-http-4.1.59.Final.jar;C:\Users\Estudos\.m2\repository\io\netty\netty-codec-http2\4.1.59.Final\netty-codec-http2-4.1.59.Final.jar;C:\Users\Estudos\.m2\repository\io\netty\netty-codec\4.1.59.Final\netty-codec-4.1.59.Final.jar;C:\Users\Estudos\.m2\repository\io\netty\netty-transport\4.1.59.Final\netty-transport-4.1.59.Final.jar;C:\Users\Estudos\.m2\repository\io\netty\netty-resolver\4.1.59.Final\netty-resolver-4.1.59.Final.jar;C:\Users\Estudos\.m2\repository\io\netty\netty-common\4.1.59.Final\netty-common-4.1.59.Final.jar;C:\Users\Estudos\.m2\repository\io\netty\netty-buffer\4.1.59.Final\netty-buffer-4.1.59.Final.jar;C:\Users\Estudos\.m2\repository\io\netty\netty-handler\4.1.59.Final\netty-handler-4.1.59.Final.jar;C:\Users\Estudos\.m2\repository\io\netty\netty-transport-native-epoll\4.1.59.Final\netty-transport-native-epoll-4.1.59.Final-linux-x86_64.jar;C:\Users\Estudos\.m2\repository\io\netty\netty-transport-native-unix-common\4.1.59.Final\netty-transport-native-unix-common-4.1.59.Final.jar;C:\Users\Estudos\.m2\repository\com\typesafe\netty\netty-reactive-streams-http\2.0.4\netty-reactive-streams-http-2.0.4.jar;C:\Users\Estudos\.m2\repository\com\typesafe\netty\netty-reactive-streams\2.0.4\netty-reactive-streams-2.0.4.jar;C:\Users\Estudos\.m2\repository\com\amazonaws\aws-lambda-java-core\1.2.1\aws-lambda-java-core-1.2.1.jar;C:\Users\Estudos\.m2\repository\com\amazonaws\aws-lambda-java-events\3.11.0\aws-lambda-java-events-3.11.0.jar;C:\Users\Estudos\.m2\repository\joda-time\joda-time\2.6\joda-time-2.6.jar;C:\Users\Estudos\.m2\repository\com\amazonaws\aws-lambda-java-log4j2\1.5.1\aws-lambda-java-log4j2-1.5.1.jar;C:\Users\Estudos\.m2\repository\org\apache\logging\log4j\log4j-api\3.0.0-alpha1\log4j-api-3.0.0-alpha1.jar;C:\Users\Estudos\.m2\repository\org\apache\logging\log4j\log4j-core\3.0.0-alpha1\log4j-core-3.0.0-alpha1.jar;C:\Users\Estudos\.m2\repository\org\apache\logging\log4j\log4j-plugins\3.0.0-alpha1\log4j-plugins-3.0.0-alpha1.jar;C:\Users\Estudos\.m2\repository\javax\activation\javax.activation-api\1.2.0\javax.activation-api-1.2.0.jar;C:\Users\Estudos\.m2\repository\javax\xml\bind\jaxb-api\2.3.1\jaxb-api-2.3.1.jar;C:\Users\Estudos\.m2\repository\com\fasterxml\woodstox\woodstox-core\6.5.0\woodstox-core-6.5.0.jar;C:\Users\Estudos\.m2\repository\org\codehaus\woodstox\stax2-api\4.2.1\stax2-api-4.2.1.jar;C:\Users\Estudos\.m2\repository\org\apache\logging\log4j\log4j-slf4j18-impl\2.18.0\log4j-slf4j18-impl-2.18.0.jar;C:\Users\Estudos\.m2\repository\org\slf4j\slf4j-api\1.8.0-beta4\slf4j-api-1.8.0-beta4.jar;C:\Users\Estudos\.m2\repository\com\amazonaws\aws-xray-recorder-sdk-core\2.11.0\aws-xray-recorder-sdk-core-2.11.0.jar;C:\Users\Estudos\.m2\repository\com\amazonaws\aws-java-sdk-xray\1.11.903\aws-java-sdk-xray-1.11.903.jar;C:\Users\Estudos\.m2\repository\com\amazonaws\jmespath-java\1.11.903\jmespath-java-1.11.903.jar;C:\Users\Estudos\.m2\repository\com\amazonaws\aws-xray-recorder-sdk-aws-sdk\2.11.0\aws-xray-recorder-sdk-aws-sdk-2.11.0.jar;C:\Users\Estudos\.m2\repository\com\amazonaws\aws-java-sdk-core\1.11.1000\aws-java-sdk-core-1.11.1000.jar;C:\Users\Estudos\.m2\repository\commons-logging\commons-logging\1.1.3\commons-logging-1.1.3.jar;C:\Users\Estudos\.m2\repository\commons-codec\commons-codec\1.15\commons-codec-1.15.jar;C:\Users\Estudos\.m2\repository\software\amazon\ion\ion-java\1.0.2\ion-java-1.0.2.jar;C:\Users\Estudos\.m2\repository\com\fasterxml\jackson\dataformat\jackson-dataformat-cbor\2.6.7\jackson-dataformat-cbor-2.6.7.jar;C:\Users\Estudos\.m2\repository\com\amazonaws\aws-xray-recorder-sdk-aws-sdk-core\2.11.0\aws-xray-recorder-sdk-aws-sdk-core-2.11.0.jar;C:\Users\Estudos\.m2\repository\com\amazonaws\aws-xray-recorder-sdk-aws-sdk-instrumentor\2.11.0\aws-xray-recorder-sdk-aws-sdk-instrumentor-2.11.0.jar;C:\Users\Estudos\.m2\repository\org\junit\jupiter\junit-jupiter-api\5.6.0\junit-jupiter-api-5.6.0.jar;C:\Users\Estudos\.m2\repository\org\apiguardian\apiguardian-api\1.1.0\apiguardian-api-1.1.0.jar;C:\Users\Estudos\.m2\repository\org\opentest4j\opentest4j\1.2.0\opentest4j-1.2.0.jar;C:\Users\Estudos\.m2\repository\org\junit\platform\junit-platform-commons\1.6.0\junit-platform-commons-1.6.0.jar;C:\Users\Estudos\.m2\repository\org\junit\jupiter\junit-jupiter-engine\5.6.0\junit-jupiter-engine-5.6.0.jar;C:\Users\Estudos\.m2\repository\org\junit\platform\junit-platform-engine\1.6.0\junit-platform-engine-1.6.0.jar;"/>
    <property name="java.vm.vendor" value="Oracle Corporation"/>
    <property name="sun.arch.data.model" value="64"/>
    <property name="user.variant" value=""/>
    <property name="java.vendor.url" value="https://java.oracle.com/"/>
    <property name="user.timezone" value="America/Sao_Paulo"/>
    <property name="os.name" value="Windows 11"/>
    <property name="java.vm.specification.version" value="20"/>
    <property name="sun.java.launcher" value="SUN_STANDARD"/>
    <property name="user.country" value="BR"/>
    <property name="sun.boot.library.path" value="C:\Program Files\Java\jdk-20\bin"/>
    <property name="sun.java.command" value="C:\Users\Estudos\AppData\Local\Temp\surefire16357244643505645593\surefirebooter18202858153032220029.jar C:\Users\Estudos\AppData\Local\Temp\surefire16357244643505645593 2023-08-16T15-21-08_881-jvmRun1 surefire2598105041504709557tmp surefire_0974071839485617575tmp"/>
    <property name="jdk.debug" value="release"/>
    <property name="surefire.test.class.path" value="C:\Users\Estudos\Desktop\Mentoria\AWS CLI + JAVA\s3-java\target\test-classes;C:\Users\Estudos\Desktop\Mentoria\AWS CLI + JAVA\s3-java\target\classes;C:\Users\Estudos\.m2\repository\software\amazon\awssdk\s3\2.16.1\s3-2.16.1.jar;C:\Users\Estudos\.m2\repository\software\amazon\awssdk\aws-xml-protocol\2.16.1\aws-xml-protocol-2.16.1.jar;C:\Users\Estudos\.m2\repository\software\amazon\awssdk\aws-query-protocol\2.16.1\aws-query-protocol-2.16.1.jar;C:\Users\Estudos\.m2\repository\software\amazon\awssdk\protocol-core\2.16.1\protocol-core-2.16.1.jar;C:\Users\Estudos\.m2\repository\software\amazon\awssdk\arns\2.16.1\arns-2.16.1.jar;C:\Users\Estudos\.m2\repository\software\amazon\awssdk\profiles\2.16.1\profiles-2.16.1.jar;C:\Users\Estudos\.m2\repository\software\amazon\awssdk\sdk-core\2.16.1\sdk-core-2.16.1.jar;C:\Users\Estudos\.m2\repository\com\fasterxml\jackson\core\jackson-core\2.12.1\jackson-core-2.12.1.jar;C:\Users\Estudos\.m2\repository\com\fasterxml\jackson\core\jackson-databind\2.12.1\jackson-databind-2.12.1.jar;C:\Users\Estudos\.m2\repository\org\reactivestreams\reactive-streams\1.0.2\reactive-streams-1.0.2.jar;C:\Users\Estudos\.m2\repository\software\amazon\awssdk\auth\2.16.1\auth-2.16.1.jar;C:\Users\Estudos\.m2\repository\software\amazon\eventstream\eventstream\1.0.1\eventstream-1.0.1.jar;C:\Users\Estudos\.m2\repository\software\amazon\awssdk\http-client-spi\2.16.1\http-client-spi-2.16.1.jar;C:\Users\Estudos\.m2\repository\software\amazon\awssdk\regions\2.16.1\regions-2.16.1.jar;C:\Users\Estudos\.m2\repository\com\fasterxml\jackson\core\jackson-annotations\2.12.1\jackson-annotations-2.12.1.jar;C:\Users\Estudos\.m2\repository\software\amazon\awssdk\annotations\2.16.1\annotations-2.16.1.jar;C:\Users\Estudos\.m2\repository\software\amazon\awssdk\utils\2.16.1\utils-2.16.1.jar;C:\Users\Estudos\.m2\repository\software\amazon\awssdk\aws-core\2.16.1\aws-core-2.16.1.jar;C:\Users\Estudos\.m2\repository\software\amazon\awssdk\metrics-spi\2.16.1\metrics-spi-2.16.1.jar;C:\Users\Estudos\.m2\repository\software\amazon\awssdk\apache-client\2.16.1\apache-client-2.16.1.jar;C:\Users\Estudos\.m2\repository\org\apache\httpcomponents\httpclient\4.5.13\httpclient-4.5.13.jar;C:\Users\Estudos\.m2\repository\org\apache\httpcomponents\httpcore\4.4.11\httpcore-4.4.11.jar;C:\Users\Estudos\.m2\repository\software\amazon\awssdk\netty-nio-client\2.16.1\netty-nio-client-2.16.1.jar;C:\Users\Estudos\.m2\repository\io\netty\netty-codec-http\4.1.59.Final\netty-codec-http-4.1.59.Final.jar;C:\Users\Estudos\.m2\repository\io\netty\netty-codec-http2\4.1.59.Final\netty-codec-http2-4.1.59.Final.jar;C:\Users\Estudos\.m2\repository\io\netty\netty-codec\4.1.59.Final\netty-codec-4.1.59.Final.jar;C:\Users\Estudos\.m2\repository\io\netty\netty-transport\4.1.59.Final\netty-transport-4.1.59.Final.jar;C:\Users\Estudos\.m2\repository\io\netty\netty-resolver\4.1.59.Final\netty-resolver-4.1.59.Final.jar;C:\Users\Estudos\.m2\repository\io\netty\netty-common\4.1.59.Final\netty-common-4.1.59.Final.jar;C:\Users\Estudos\.m2\repository\io\netty\netty-buffer\4.1.59.Final\netty-buffer-4.1.59.Final.jar;C:\Users\Estudos\.m2\repository\io\netty\netty-handler\4.1.59.Final\netty-handler-4.1.59.Final.jar;C:\Users\Estudos\.m2\repository\io\netty\netty-transport-native-epoll\4.1.59.Final\netty-transport-native-epoll-4.1.59.Final-linux-x86_64.jar;C:\Users\Estudos\.m2\repository\io\netty\netty-transport-native-unix-common\4.1.59.Final\netty-transport-native-unix-common-4.1.59.Final.jar;C:\Users\Estudos\.m2\repository\com\typesafe\netty\netty-reactive-streams-http\2.0.4\netty-reactive-streams-http-2.0.4.jar;C:\Users\Estudos\.m2\repository\com\typesafe\netty\netty-reactive-streams\2.0.4\netty-reactive-streams-2.0.4.jar;C:\Users\Estudos\.m2\repository\com\amazonaws\aws-lambda-java-core\1.2.1\aws-lambda-java-core-1.2.1.jar;C:\Users\Estudos\.m2\repository\com\amazonaws\aws-lambda-java-events\3.11.0\aws-lambda-java-events-3.11.0.jar;C:\Users\Estudos\.m2\repository\joda-time\joda-time\2.6\joda-time-2.6.jar;C:\Users\Estudos\.m2\repository\com\amazonaws\aws-lambda-java-log4j2\1.5.1\aws-lambda-java-log4j2-1.5.1.jar;C:\Users\Estudos\.m2\repository\org\apache\logging\log4j\log4j-api\3.0.0-alpha1\log4j-api-3.0.0-alpha1.jar;C:\Users\Estudos\.m2\repository\org\apache\logging\log4j\log4j-core\3.0.0-alpha1\log4j-core-3.0.0-alpha1.jar;C:\Users\Estudos\.m2\repository\org\apache\logging\log4j\log4j-plugins\3.0.0-alpha1\log4j-plugins-3.0.0-alpha1.jar;C:\Users\Estudos\.m2\repository\javax\activation\javax.activation-api\1.2.0\javax.activation-api-1.2.0.jar;C:\Users\Estudos\.m2\repository\javax\xml\bind\jaxb-api\2.3.1\jaxb-api-2.3.1.jar;C:\Users\Estudos\.m2\repository\com\fasterxml\woodstox\woodstox-core\6.5.0\woodstox-core-6.5.0.jar;C:\Users\Estudos\.m2\repository\org\codehaus\woodstox\stax2-api\4.2.1\stax2-api-4.2.1.jar;C:\Users\Estudos\.m2\repository\org\apache\logging\log4j\log4j-slf4j18-impl\2.18.0\log4j-slf4j18-impl-2.18.0.jar;C:\Users\Estudos\.m2\repository\org\slf4j\slf4j-api\1.8.0-beta4\slf4j-api-1.8.0-beta4.jar;C:\Users\Estudos\.m2\repository\com\amazonaws\aws-xray-recorder-sdk-core\2.11.0\aws-xray-recorder-sdk-core-2.11.0.jar;C:\Users\Estudos\.m2\repository\com\amazonaws\aws-java-sdk-xray\1.11.903\aws-java-sdk-xray-1.11.903.jar;C:\Users\Estudos\.m2\repository\com\amazonaws\jmespath-java\1.11.903\jmespath-java-1.11.903.jar;C:\Users\Estudos\.m2\repository\com\amazonaws\aws-xray-recorder-sdk-aws-sdk\2.11.0\aws-xray-recorder-sdk-aws-sdk-2.11.0.jar;C:\Users\Estudos\.m2\repository\com\amazonaws\aws-java-sdk-core\1.11.1000\aws-java-sdk-core-1.11.1000.jar;C:\Users\Estudos\.m2\repository\commons-logging\commons-logging\1.1.3\commons-logging-1.1.3.jar;C:\Users\Estudos\.m2\repository\commons-codec\commons-codec\1.15\commons-codec-1.15.jar;C:\Users\Estudos\.m2\repository\software\amazon\ion\ion-java\1.0.2\ion-java-1.0.2.jar;C:\Users\Estudos\.m2\repository\com\fasterxml\jackson\dataformat\jackson-dataformat-cbor\2.6.7\jackson-dataformat-cbor-2.6.7.jar;C:\Users\Estudos\.m2\repository\com\amazonaws\aws-xray-recorder-sdk-aws-sdk-core\2.11.0\aws-xray-recorder-sdk-aws-sdk-core-2.11.0.jar;C:\Users\Estudos\.m2\repository\com\amazonaws\aws-xray-recorder-sdk-aws-sdk-instrumentor\2.11.0\aws-xray-recorder-sdk-aws-sdk-instrumentor-2.11.0.jar;C:\Users\Estudos\.m2\repository\org\junit\jupiter\junit-jupiter-api\5.6.0\junit-jupiter-api-5.6.0.jar;C:\Users\Estudos\.m2\repository\org\apiguardian\apiguardian-api\1.1.0\apiguardian-api-1.1.0.jar;C:\Users\Estudos\.m2\repository\org\opentest4j\opentest4j\1.2.0\opentest4j-1.2.0.jar;C:\Users\Estudos\.m2\repository\org\junit\platform\junit-platform-commons\1.6.0\junit-platform-commons-1.6.0.jar;C:\Users\Estudos\.m2\repository\org\junit\jupiter\junit-jupiter-engine\5.6.0\junit-jupiter-engine-5.6.0.jar;C:\Users\Estudos\.m2\repository\org\junit\platform\junit-platform-engine\1.6.0\junit-platform-engine-1.6.0.jar;"/>
    <property name="sun.cpu.endian" value="little"/>
    <property name="user.home" value="C:\Users\Estudos"/>
    <property name="user.language" value="pt"/>
    <property name="java.specification.vendor" value="Oracle Corporation"/>
    <property name="java.version.date" value="2023-07-18"/>
    <property name="java.home" value="C:\Program Files\Java\jdk-20"/>
    <property name="file.separator" value="\"/>
    <property name="basedir" value="C:\Users\Estudos\Desktop\Mentoria\AWS CLI + JAVA\s3-java"/>
    <property name="java.vm.compressedOopsMode" value="Zero based"/>
    <property name="line.separator" value="&#10;"/>
    <property name="java.vm.specification.vendor" value="Oracle Corporation"/>
    <property name="java.specification.name" value="Java Platform API Specification"/>
    <property name="surefire.real.class.path" value="C:\Users\Estudos\AppData\Local\Temp\surefire16357244643505645593\surefirebooter18202858153032220029.jar"/>
    <property name="user.script" value=""/>
    <property name="sun.management.compiler" value="HotSpot 64-Bit Tiered Compilers"/>
    <property name="java.runtime.version" value="20.0.2+9-78"/>
    <property name="user.name" value="Estudos"/>
    <property name="stdout.encoding" value="Cp1252"/>
    <property name="path.separator" value=";"/>
    <property name="os.version" value="10.0"/>
    <property name="java.runtime.name" value="Java(TM) SE Runtime Environment"/>
    <property name="file.encoding" value="UTF-8"/>
    <property name="java.vm.name" value="Java HotSpot(TM) 64-Bit Server VM"/>
    <property name="localRepository" value="C:\Users\Estudos\.m2\repository"/>
    <property name="java.vendor.url.bug" value="https://bugreport.java.com/bugreport/"/>
    <property name="java.io.tmpdir" value="C:\Users\Estudos\AppData\Local\Temp\"/>
    <property name="java.version" value="20.0.2"/>
    <property name="user.dir" value="C:\Users\Estudos\Desktop\Mentoria\AWS CLI + JAVA\s3-java"/>
    <property name="os.arch" value="amd64"/>
    <property name="java.vm.specification.name" value="Java Virtual Machine Specification"/>
    <property name="sun.os.patch.level" value=""/>
    <property name="native.encoding" value="Cp1252"/>
    <property name="java.library.path" value="C:\Program Files\Java\jdk-20\bin;C:\Windows\Sun\Java\bin;C:\Windows\system32;C:\Windows;C:\Users\Estudos\bin;C:\Users\Estudos\AppData\Local\Programs\Git\mingw64\bin;C:\Users\Estudos\AppData\Local\Programs\Git\usr\local\bin;C:\Users\Estudos\AppData\Local\Programs\Git\usr\bin;C:\Users\Estudos\AppData\Local\Programs\Git\usr\bin;C:\Users\Estudos\AppData\Local\Programs\Git\mingw64\bin;C:\Users\Estudos\AppData\Local\Programs\Git\usr\bin;C:\Users\Estudos\bin;C:\Program Files\Common Files\Oracle\Java\javapath;C:\Windows\system32;C:\Windows;C:\Windows\System32\Wbem;C:\Windows\System32\WindowsPowerShell\v1.0;C:\Windows\System32\OpenSSH;C:\Program Files (x86)\QuickTime\QTSystem;C:\Program Files\Amazon\AWSCLIV2;C:\Program Files\gradle-8.2.1\bin;C:\program files\apache-maven-3.9.4\bin;C:\Users\Estudos\AppData\Local\Microsoft\WindowsApps;C:\Users\Estudos\AppData\Local\Programs\Microsoft VS Code\bin;C:\Users\Estudos\AppData\Local\Programs\Git\cmd;C:\Users\Estudos\AppData\Local\Programs\Git\usr\bin\vendor_perl;C:\Users\Estudos\AppData\Local\Programs\Git\usr\bin\core_perl;."/>
    <property name="java.vm.info" value="mixed mode, sharing"/>
    <property name="stderr.encoding" value="Cp1252"/>
    <property name="java.vendor" value="Oracle Corporation"/>
    <property name="java.vm.version" value="20.0.2+9-78"/>
    <property name="sun.io.unicode.encoding" value="UnicodeLittle"/>
    <property name="java.class.version" value="64.0"/>
  </properties>
  <testcase name="invokeTest" classname="example.InvokeTest" time="7.212"/>
</testsuite>